<?xml version="1.0" encoding="UTF-8"?>
<!-- Generated by org.testng.reporters.JUnitReportReporter -->
<testsuite hostname="ImranTech-HussainFlutter" failures="0" tests="1" name="cucumberOptions.TestRunner" time="14.097" errors="0" timestamp="2024-02-13T09:19:24 PKT" skipped="0">
  <testcase classname="cucumberOptions.TestRunner" name="runScenario" time="14.097"/>
</testsuite> <!-- cucumberOptions.TestRunner -->
