<?xml version="1.0" encoding="UTF-8"?>
<!-- Generated by org.testng.reporters.JUnitReportReporter -->
<testsuite hostname="ImranTech-HussainFlutter" failures="0" tests="1" name="cucumberOptions.TestRunner" time="7.958" errors="0" timestamp="2024-02-13T09:10:20 PKT" skipped="0">
  <testcase classname="cucumberOptions.TestRunner" name="runScenario" time="7.958"/>
</testsuite> <!-- cucumberOptions.TestRunner -->
